=============================================================================================================================
Memory      PID     User       Command
-----------------------------------------------------------------------------------------------------------------------------
300    KB   2628    zarrar     /bin/bash ./memtopX ./x_test_memprof.py 
300    KB   2628    zarrar     /bin/bash ./memtopX ./x_test_memprof.py 
300    KB   2628    zarrar     /bin/bash ./memtopX ./x_test_memprof.py 
300    KB   2628    zarrar     /bin/bash ./memtopX ./x_test_memprof.py 
300    KB   2628    zarrar     /bin/bash ./memtopX ./x_test_memprof.py 
300    KB   2628    zarrar     /bin/bash ./memtopX ./x_test_memprof.py 
300    KB   2628    zarrar     /bin/bash ./memtopX ./x_test_memprof.py 
300    KB   2628    zarrar     /bin/bash ./memtopX ./x_test_memprof.py 
300    KB   2628    zarrar     /bin/bash ./memtopX ./x_test_memprof.py 
300    KB   2628    zarrar     /bin/bash ./memtopX ./x_test_memprof.py 
300    KB   2628    zarrar     /bin/bash ./memtopX ./x_test_memprof.py 
300    KB   2628    zarrar     /bin/bash ./memtopX ./x_test_memprof.py 
300    KB   2628    zarrar     /bin/bash ./memtopX ./x_test_memprof.py 
300    KB   2628    zarrar     /bin/bash ./memtopX ./x_test_memprof.py 
300    KB   2628    zarrar     /bin/bash ./memtopX ./x_test_memprof.py 
300    KB   2628    zarrar     /bin/bash ./memtopX ./x_test_memprof.py 
300    KB   2628    zarrar     /bin/bash ./memtopX ./x_test_memprof.py 
300    KB   2628    zarrar     /bin/bash ./memtopX ./x_test_memprof.py 
300    KB   2628    zarrar     /bin/bash ./memtopX ./x_test_memprof.py 
300    KB   2628    zarrar     /bin/bash ./memtopX ./x_test_memprof.py 
300    KB   2628    zarrar     /bin/bash ./memtopX ./x_test_memprof.py 
300    KB   2628    zarrar     /bin/bash ./memtopX ./x_test_memprof.py 
300    KB   2628    zarrar     /bin/bash ./memtopX ./x_test_memprof.py 
300    KB   2628    zarrar     /bin/bash ./memtopX ./x_test_memprof.py 
300    KB   2628    zarrar     /bin/bash ./memtopX ./x_test_memprof.py 
300    KB   2628    zarrar     /bin/bash ./memtopX ./x_test_memprof.py 
300    KB   2628    zarrar     /bin/bash ./memtopX ./x_test_memprof.py 
300    KB   2628    zarrar     /bin/bash ./memtopX ./x_test_memprof.py 
300    KB   2628    zarrar     /bin/bash ./memtopX ./x_test_memprof.py 
300    KB   2628    zarrar     /bin/bash ./memtopX ./x_test_memprof.py 
300    KB   2628    zarrar     /bin/bash ./memtopX ./x_test_memprof.py 
300    KB   2628    zarrar     /bin/bash ./memtopX ./x_test_memprof.py 
300    KB   2628    zarrar     /bin/bash ./memtopX ./x_test_memprof.py 
300    KB   2628    zarrar     /bin/bash ./memtopX ./x_test_memprof.py 
300    KB   2628    zarrar     /bin/bash ./memtopX ./x_test_memprof.py 
300    KB   2628    zarrar     /bin/bash ./memtopX ./x_test_memprof.py 
300    KB   2628    zarrar     /bin/bash ./memtopX ./x_test_memprof.py 
300    KB   2628    zarrar     /bin/bash ./memtopX ./x_test_memprof.py 
300    KB   2628    zarrar     /bin/bash ./memtopX ./x_test_memprof.py 
300    KB   2628    zarrar     /bin/bash ./memtopX ./x_test_memprof.py 
13.62  MB   2628    zarrar     python /home2/data/Projects/ABIDE_Initiative/CPAC/abide/config/test_quick_pack/x_test_memprof.py 
33.46  MB   2628    zarrar     python /home2/data/Projects/ABIDE_Initiative/CPAC/abide/config/test_quick_pack/x_test_memprof.py 
71.40  MB   2628    zarrar     python /home2/data/Projects/ABIDE_Initiative/CPAC/abide/config/test_quick_pack/x_test_memprof.py 
200.21 MB   2628    zarrar     python /home2/data/Projects/ABIDE_Initiative/CPAC/abide/config/test_quick_pack/x_test_memprof.py 
262.79 MB   2628    zarrar     python /home2/data/Projects/ABIDE_Initiative/CPAC/abide/config/test_quick_pack/x_test_memprof.py 
89.41  MB   2628    zarrar     python /home2/data/Projects/ABIDE_Initiative/CPAC/abide/config/test_quick_pack/x_test_memprof.py 
1.05   GB   2628    zarrar     python /home2/data/Projects/ABIDE_Initiative/CPAC/abide/config/test_quick_pack/x_test_memprof.py 
1.05   GB   2628    zarrar     python /home2/data/Projects/ABIDE_Initiative/CPAC/abide/config/test_quick_pack/x_test_memprof.py 
1.05   GB   2628    zarrar     python /home2/data/Projects/ABIDE_Initiative/CPAC/abide/config/test_quick_pack/x_test_memprof.py 
1.05   GB   2628    zarrar     python /home2/data/Projects/ABIDE_Initiative/CPAC/abide/config/test_quick_pack/x_test_memprof.py 
1.05   GB   2628    zarrar     python /home2/data/Projects/ABIDE_Initiative/CPAC/abide/config/test_quick_pack/x_test_memprof.py 
1.05   GB   2628    zarrar     python /home2/data/Projects/ABIDE_Initiative/CPAC/abide/config/test_quick_pack/x_test_memprof.py 
1.05   GB   2628    zarrar     python /home2/data/Projects/ABIDE_Initiative/CPAC/abide/config/test_quick_pack/x_test_memprof.py 
1.05   GB   2628    zarrar     python /home2/data/Projects/ABIDE_Initiative/CPAC/abide/config/test_quick_pack/x_test_memprof.py 
1.05   GB   2628    zarrar     python /home2/data/Projects/ABIDE_Initiative/CPAC/abide/config/test_quick_pack/x_test_memprof.py 
1.05   GB   2628    zarrar     python /home2/data/Projects/ABIDE_Initiative/CPAC/abide/config/test_quick_pack/x_test_memprof.py 
1.05   GB   2628    zarrar     python /home2/data/Projects/ABIDE_Initiative/CPAC/abide/config/test_quick_pack/x_test_memprof.py 
1.05   GB   2628    zarrar     python /home2/data/Projects/ABIDE_Initiative/CPAC/abide/config/test_quick_pack/x_test_memprof.py 
1.05   GB   2628    zarrar     python /home2/data/Projects/ABIDE_Initiative/CPAC/abide/config/test_quick_pack/x_test_memprof.py 
1.05   GB   2628    zarrar     python /home2/data/Projects/ABIDE_Initiative/CPAC/abide/config/test_quick_pack/x_test_memprof.py 
1.05   GB   2628    zarrar     python /home2/data/Projects/ABIDE_Initiative/CPAC/abide/config/test_quick_pack/x_test_memprof.py 
1.05   GB   2628    zarrar     python /home2/data/Projects/ABIDE_Initiative/CPAC/abide/config/test_quick_pack/x_test_memprof.py 
1.05   GB   2628    zarrar     python /home2/data/Projects/ABIDE_Initiative/CPAC/abide/config/test_quick_pack/x_test_memprof.py 
1.05   GB   2628    zarrar     python /home2/data/Projects/ABIDE_Initiative/CPAC/abide/config/test_quick_pack/x_test_memprof.py 
1.05   GB   2628    zarrar     python /home2/data/Projects/ABIDE_Initiative/CPAC/abide/config/test_quick_pack/x_test_memprof.py 
1.05   GB   2628    zarrar     python /home2/data/Projects/ABIDE_Initiative/CPAC/abide/config/test_quick_pack/x_test_memprof.py 
1.05   GB   2628    zarrar     python /home2/data/Projects/ABIDE_Initiative/CPAC/abide/config/test_quick_pack/x_test_memprof.py 
1.05   GB   2628    zarrar     python /home2/data/Projects/ABIDE_Initiative/CPAC/abide/config/test_quick_pack/x_test_memprof.py 
1.05   GB   2628    zarrar     python /home2/data/Projects/ABIDE_Initiative/CPAC/abide/config/test_quick_pack/x_test_memprof.py 
1.05   GB   2628    zarrar     python /home2/data/Projects/ABIDE_Initiative/CPAC/abide/config/test_quick_pack/x_test_memprof.py 
1.05   GB   2628    zarrar     python /home2/data/Projects/ABIDE_Initiative/CPAC/abide/config/test_quick_pack/x_test_memprof.py 
1.05   GB   2628    zarrar     python /home2/data/Projects/ABIDE_Initiative/CPAC/abide/config/test_quick_pack/x_test_memprof.py 
1.05   GB   2628    zarrar     python /home2/data/Projects/ABIDE_Initiative/CPAC/abide/config/test_quick_pack/x_test_memprof.py 
1.05   GB   2628    zarrar     python /home2/data/Projects/ABIDE_Initiative/CPAC/abide/config/test_quick_pack/x_test_memprof.py 
1.05   GB   2628    zarrar     python /home2/data/Projects/ABIDE_Initiative/CPAC/abide/config/test_quick_pack/x_test_memprof.py 
1.05   GB   2628    zarrar     python /home2/data/Projects/ABIDE_Initiative/CPAC/abide/config/test_quick_pack/x_test_memprof.py 
1.05   GB   2628    zarrar     python /home2/data/Projects/ABIDE_Initiative/CPAC/abide/config/test_quick_pack/x_test_memprof.py 
1.05   GB   2628    zarrar     python /home2/data/Projects/ABIDE_Initiative/CPAC/abide/config/test_quick_pack/x_test_memprof.py 
1.05   GB   2628    zarrar     python /home2/data/Projects/ABIDE_Initiative/CPAC/abide/config/test_quick_pack/x_test_memprof.py 
1.05   GB   2628    zarrar     python /home2/data/Projects/ABIDE_Initiative/CPAC/abide/config/test_quick_pack/x_test_memprof.py 
360.70 MB   2628    zarrar     python /home2/data/Projects/ABIDE_Initiative/CPAC/abide/config/test_quick_pack/x_test_memprof.py 
360.70 MB   2628    zarrar     python /home2/data/Projects/ABIDE_Initiative/CPAC/abide/config/test_quick_pack/x_test_memprof.py 
360.70 MB   2628    zarrar     python /home2/data/Projects/ABIDE_Initiative/CPAC/abide/config/test_quick_pack/x_test_memprof.py 
360.70 MB   2628    zarrar     python /home2/data/Projects/ABIDE_Initiative/CPAC/abide/config/test_quick_pack/x_test_memprof.py 
360.70 MB   2628    zarrar     python /home2/data/Projects/ABIDE_Initiative/CPAC/abide/config/test_quick_pack/x_test_memprof.py 
360.70 MB   2628    zarrar     python /home2/data/Projects/ABIDE_Initiative/CPAC/abide/config/test_quick_pack/x_test_memprof.py 
360.70 MB   2628    zarrar     python /home2/data/Projects/ABIDE_Initiative/CPAC/abide/config/test_quick_pack/x_test_memprof.py 
360.70 MB   2628    zarrar     python /home2/data/Projects/ABIDE_Initiative/CPAC/abide/config/test_quick_pack/x_test_memprof.py 
360.70 MB   2628    zarrar     python /home2/data/Projects/ABIDE_Initiative/CPAC/abide/config/test_quick_pack/x_test_memprof.py 
